[2021-03-23T22:10:14.309] [INFO] cheese - 服务器已启动......
[2021-03-23T22:10:45.679] [INFO] cheese - 服务器已启动......
[2021-03-23T22:11:46.701] [INFO] cheese - 服务器已启动......
[2021-03-23T22:13:19.940] [INFO] cheese - 服务器已启动......
[2021-03-23T22:13:37.846] [INFO] cheese - 服务器已启动......
[2021-03-23T22:13:41.453] [INFO] cheese - 服务器已启动......
[2021-03-23T22:13:55.877] [INFO] cheese - 服务器已启动......
[2021-03-23T22:27:40.906] [INFO] cheese - 服务器已启动......
[2021-03-23T22:28:18.542] [INFO] cheese - 服务器已启动......
[2021-03-23T22:28:48.815] [INFO] cheese - 服务器已启动......
[2021-03-23T22:39:49.912] [INFO] cheese - 服务器已启动......
[2021-03-23T22:40:47.746] [INFO] cheese - 用户183098登录成功！
[2021-03-23T22:41:45.281] [INFO] cheese - 服务器已启动......
[2021-03-23T22:41:48.435] [INFO] cheese - 服务器已启动......
[2021-03-23T22:41:52.240] [INFO] cheese - 用户183098登录成功！
[2021-03-23T22:42:47.594] [INFO] cheese - 服务器已启动......
[2021-03-23T22:42:51.558] [INFO] cheese - 用户183098登录成功！
[2021-03-23T22:44:24.972] [INFO] cheese - 服务器已启动......
[2021-03-23T22:44:26.648] [INFO] cheese - 服务器已启动......
[2021-03-23T22:44:30.800] [INFO] cheese - 用户183098登录成功！
[2021-03-23T22:45:40.455] [INFO] cheese - 服务器已启动......
[2021-03-23T22:46:59.716] [INFO] cheese - 服务器已启动......
[2021-03-23T22:47:03.536] [ERROR] cheese - 183098登录失败：TypeError: client.smembers(...).exec is not a function
[2021-03-23T22:47:24.903] [INFO] cheese - 服务器已启动......
[2021-03-23T22:47:33.288] [ERROR] cheese - 183098登录失败：TypeError: client.smembers(...).exec is not a function
[2021-03-23T22:47:44.971] [ERROR] cheese - 183098登录失败：TypeError: client.smembers(...).exec is not a function
[2021-03-23T22:50:26.838] [INFO] cheese - 服务器已启动......
[2021-03-23T22:50:28.228] [ERROR] cheese - 183098登录失败：TypeError: client.smembers(...).exec is not a function
[2021-03-23T22:50:52.227] [INFO] cheese - 服务器已启动......
[2021-03-23T22:50:59.871] [ERROR] cheese - 183098登录失败：TypeError: client.smembers(...).exec is not a function
[2021-03-23T22:51:30.785] [INFO] cheese - 服务器已启动......
[2021-03-23T22:51:42.611] [INFO] cheese - 服务器已启动......
[2021-03-23T22:51:46.900] [ERROR] cheese - 183098登录失败：TypeError: client.smembers(...).exec is not a function
[2021-03-23T22:53:19.247] [INFO] cheese - 服务器已启动......
[2021-03-23T22:53:24.001] [INFO] cheese - 用户183098登录成功！
[2021-03-23T22:53:50.656] [INFO] cheese - 服务器已启动......
[2021-03-23T22:53:58.929] [INFO] cheese - 用户183098登录成功！
[2021-03-23T22:54:47.214] [INFO] cheese - 服务器已启动......
[2021-03-23T22:54:48.585] [INFO] cheese - 用户183098登录成功！
[2021-03-23T22:55:03.916] [INFO] cheese - 服务器已启动......
[2021-03-23T22:55:05.843] [INFO] cheese - 用户183098登录成功！
[2021-03-23T22:55:23.329] [INFO] cheese - 用户183098登录成功！
[2021-03-23T22:56:13.305] [INFO] cheese - 用户183098登录成功！
[2021-03-23T22:56:45.396] [INFO] cheese - 服务器已启动......
[2021-03-23T22:56:49.582] [INFO] cheese - 用户183098登录成功！
[2021-03-23T22:58:31.587] [INFO] cheese - 服务器已启动......
[2021-03-23T22:58:39.503] [INFO] cheese - 用户183098登录成功！
[2021-03-23T22:59:34.666] [INFO] cheese - 用户183098登录成功！
[2021-03-23T23:00:06.957] [INFO] cheese - 用户183098登录成功！
[2021-03-23T23:01:21.527] [INFO] cheese - 用户183098登录成功！
[2021-03-23T23:01:37.307] [INFO] cheese - 服务器已启动......
[2021-03-23T23:01:38.570] [INFO] cheese - 用户183098登录成功！
[2021-03-23T23:01:44.076] [INFO] cheese - 服务器已启动......
[2021-03-23T23:01:44.899] [INFO] cheese - 用户183098登录成功！
[2021-03-23T23:01:53.790] [INFO] cheese - 服务器已启动......
[2021-03-23T23:01:58.524] [INFO] cheese - 用户183098登录成功！
[2021-03-23T23:02:27.089] [INFO] cheese - 服务器已启动......
[2021-03-23T23:04:28.114] [INFO] cheese - 用户183098登录成功！
[2021-03-23T23:04:40.143] [INFO] cheese - 服务器已启动......
[2021-03-23T23:04:41.175] [INFO] cheese - 用户183098登录成功！
[2021-03-23T23:04:51.876] [INFO] cheese - 服务器已启动......
[2021-03-23T23:04:52.742] [INFO] cheese - 用户183098登录成功！
[2021-03-23T23:17:04.274] [INFO] cheese - 服务器已启动......
[2021-03-23T23:17:48.322] [INFO] cheese - 服务器已启动......
[2021-03-23T23:18:20.109] [INFO] cheese - 服务器已启动......
[2021-03-23T23:18:23.447] [ERROR] cheese - 183098登录失败：ReferenceError: pwd is not defined
[2021-03-23T23:18:41.517] [INFO] cheese - 服务器已启动......
[2021-03-23T23:18:45.229] [ERROR] cheese - 183098登录失败：ReferenceError: pwd is not defined
[2021-03-23T23:21:51.446] [INFO] cheese - 服务器已启动......
[2021-03-23T23:21:54.739] [ERROR] cheese - 183098登录失败：TypeError: client.hgetAll is not a function
[2021-03-23T23:22:09.377] [INFO] cheese - 服务器已启动......
[2021-03-23T23:24:09.670] [INFO] cheese - 服务器已启动......
[2021-03-23T23:24:12.336] [INFO] cheese - 用户183098登录成功！
[2021-03-23T23:24:45.374] [INFO] cheese - 服务器已启动......
[2021-03-23T23:24:46.172] [INFO] cheese - 用户183098登录成功！
[2021-03-23T23:24:55.639] [INFO] cheese - 服务器已启动......
[2021-03-23T23:24:56.225] [INFO] cheese - 用户183098登录成功！
[2021-03-23T23:57:33.090] [INFO] cheese - 服务器已启动......
[2021-03-23T23:57:38.215] [INFO] cheese - 用户183098登录成功！
[2021-03-23T23:58:14.646] [ERROR] cheese - undefined登录失败：ERROR
[2021-03-24T00:28:58.038] [INFO] cheese - 服务器已启动......
[2021-03-24T00:29:24.072] [ERROR] cheese - undefined登录失败：ERROR
[2021-03-24T00:31:04.046] [INFO] cheese - 服务器已启动......
[2021-03-24T00:31:05.447] [INFO] cheese - 服务器已启动......
[2021-03-24T00:31:06.228] [ERROR] cheese - undefined登录失败：ERROR
[2021-03-24T00:32:20.936] [INFO] cheese - 服务器已启动......
[2021-03-24T00:32:24.661] [ERROR] cheese - undefined登录失败：ERROR
[2021-03-24T00:33:53.971] [INFO] cheese - 服务器已启动......
[2021-03-24T00:33:58.269] [INFO] cheese - 服务器已启动......
[2021-03-24T00:34:12.383] [INFO] cheese - 服务器已启动......
[2021-03-24T00:34:13.697] [INFO] cheese - 服务器已启动......
[2021-03-24T00:34:14.966] [ERROR] cheese - undefined登录失败：ERROR
[2021-03-24T00:34:33.947] [INFO] cheese - 服务器已启动......
[2021-03-24T00:34:37.084] [INFO] cheese - 服务器已启动......
[2021-03-24T00:34:40.818] [ERROR] cheese - undefined登录失败：ERROR
[2021-03-24T00:36:49.518] [INFO] cheese - 服务器已启动......
[2021-03-24T00:55:54.304] [INFO] cheese - 服务器已启动......
[2021-03-24T00:56:07.461] [INFO] cheese - 服务器已启动......
[2021-03-24T00:56:46.871] [INFO] cheese - 服务器已启动......
[2021-03-24T00:57:19.534] [INFO] cheese - 服务器已启动......
[2021-03-24T01:02:18.013] [INFO] cheese - 服务器已启动......
[2021-03-24T01:02:19.296] [ERROR] cheese - 183098登录失败：ReferenceError: result is not defined
[2021-03-24T01:02:51.312] [ERROR] cheese - 183098登录失败：refused
[2021-03-24T01:04:34.962] [INFO] cheese - 服务器已启动......
[2021-03-24T01:06:29.368] [INFO] cheese - 服务器已启动......
[2021-03-24T01:06:36.866] [ERROR] cheese - 183098登录失败：ReferenceError: result is not defined
[2021-03-24T01:07:06.621] [INFO] cheese - 服务器已启动......
[2021-03-24T01:07:11.847] [ERROR] cheese - 183098登录失败：ReferenceError: result is not defined
[2021-03-24T01:08:49.205] [INFO] cheese - 服务器已启动......
[2021-03-24T01:08:54.332] [ERROR] cheese - 183098登录失败：ReferenceError: result is not defined
[2021-03-24T01:09:28.384] [INFO] cheese - 服务器已启动......
[2021-03-24T01:10:15.724] [INFO] cheese - 服务器已启动......
[2021-03-24T01:10:18.728] [ERROR] cheese - 183098登录失败：refused
[2021-03-24T01:11:21.962] [INFO] cheese - 服务器已启动......
[2021-03-24T01:11:52.851] [INFO] cheese - 服务器已启动......
[2021-03-24T01:13:04.743] [INFO] cheese - 服务器已启动......
[2021-03-24T01:14:09.538] [INFO] cheese - 服务器已启动......
[2021-03-24T01:14:59.647] [INFO] cheese - 服务器已启动......
[2021-03-24T01:16:15.139] [INFO] cheese - 服务器已启动......
[2021-03-24T01:16:39.450] [ERROR] cheese - undefined登录失败：node_redis: The HGET command contains a invalid argument type of "undefined".
Only strings, dates and buffers are accepted. Please update your code to use valid argument types.
[2021-03-24T01:17:24.575] [INFO] cheese - 服务器已启动......
[2021-03-24T01:18:26.047] [INFO] cheese - 服务器已启动......
[2021-03-24T01:31:36.001] [INFO] cheese - 服务器已启动......
[2021-03-24T01:41:29.356] [INFO] cheese - 服务器已启动......
[2021-03-24T01:42:01.724] [INFO] cheese - 服务器已启动......
[2021-03-24T01:42:57.979] [INFO] cheese - 服务器已启动......
[2021-03-24T01:47:11.105] [INFO] cheese - 服务器已启动......
[2021-03-24T01:50:31.391] [INFO] cheese - 服务器已启动......
[2021-03-24T01:51:43.419] [INFO] cheese - 服务器已启动......
[2021-03-24T01:54:04.133] [INFO] cheese - 服务器已启动......
[2021-03-24T02:02:17.978] [INFO] cheese - 服务器已启动......
[2021-03-24T02:09:47.650] [INFO] cheese - 服务器已启动......
[2021-03-24T02:13:16.860] [INFO] cheese - 服务器已启动......
[2021-03-24T02:17:07.608] [INFO] cheese - 服务器已启动......
[2021-03-24T02:18:56.011] [INFO] cheese - 服务器已启动......
[2021-03-24T23:05:29.508] [INFO] cheese - 服务器已启动......
[2021-03-24T23:06:26.472] [INFO] cheese - 服务器已启动......
[2021-03-24T23:08:23.661] [INFO] cheese - 服务器已启动......
[2021-03-24T23:11:31.243] [INFO] cheese - 服务器已启动......
[2021-03-24T23:24:27.554] [INFO] cheese - 服务器已启动......
[2021-03-24T23:29:18.963] [INFO] cheese - 服务器已启动......
[2021-03-24T23:41:57.748] [INFO] cheese - 服务器已启动......
[2021-03-24T23:46:31.674] [ERROR] cheese - undefined登录失败：node_redis: The HGET command contains a invalid argument type of "undefined".
Only strings, dates and buffers are accepted. Please update your code to use valid argument types.
[2021-03-24T23:52:52.907] [INFO] cheese - 服务器已启动......
[2021-03-24T23:59:02.341] [INFO] cheese - 服务器已启动......
[2021-03-24T23:59:03.662] [INFO] cheese - 服务器已启动......
[2021-03-25T00:00:48.074] [INFO] cheese - 服务器已启动......
[2021-03-25T00:00:59.893] [INFO] cheese - 服务器已启动......
[2021-03-25T00:01:16.285] [INFO] cheese - 服务器已启动......
[2021-03-25T00:01:27.653] [INFO] cheese - 服务器已启动......
[2021-03-25T00:07:02.890] [INFO] cheese - 服务器已启动......
[2021-03-25T00:07:59.869] [INFO] cheese - 服务器已启动......
[2021-03-25T00:09:18.990] [INFO] cheese - 服务器已启动......
[2021-03-25T00:11:49.743] [INFO] cheese - 服务器已启动......
[2021-03-25T00:18:48.638] [INFO] cheese - 服务器已启动......
[2021-03-25T00:19:07.138] [INFO] cheese - 服务器已启动......
[2021-03-25T00:19:08.816] [INFO] cheese - 服务器已启动......
[2021-03-28T03:13:26.420] [INFO] cheese - 服务器已启动......
[2021-03-28T03:14:17.552] [INFO] cheese - 服务器已启动......
[2021-03-28T03:14:58.688] [INFO] cheese - 服务器已启动......
[2021-03-28T03:19:50.599] [INFO] cheese - 服务器已启动......
[2021-03-28T03:21:17.641] [INFO] cheese - 服务器已启动......
[2021-03-28T03:22:16.218] [INFO] cheese - 服务器已启动......
[2021-03-28T03:22:59.933] [INFO] cheese - 服务器已启动......
[2021-03-28T03:27:17.390] [INFO] cheese - 服务器已启动......
[2021-03-28T14:35:12.781] [INFO] cheese - 服务器已启动......
[2021-03-28T14:36:00.652] [INFO] cheese - 服务器已启动......
[2021-03-28T14:36:52.043] [INFO] cheese - 服务器已启动......
[2021-03-28T14:37:09.207] [INFO] cheese - 服务器已启动......
[2021-03-30T23:50:58.442] [INFO] cheese - 服务器已启动......
[2021-03-30T23:51:02.348] [INFO] cheese - 服务器已启动......
[2021-03-30T23:52:30.418] [INFO] cheese - 用户183098登录成功！
[2021-03-30T23:54:53.704] [INFO] cheese - 服务器已启动......
[2021-03-30T23:57:09.171] [INFO] cheese - 服务器已启动......
[2021-03-31T00:17:32.945] [INFO] cheese - 服务器已启动......
[2021-03-31T00:24:22.751] [INFO] cheese - 服务器已启动......
[2021-03-31T00:24:27.250] [INFO] cheese - 服务器已启动......
[2021-03-31T00:25:38.968] [INFO] cheese - 服务器已启动......
[2021-03-31T00:25:40.687] [INFO] cheese - 服务器已启动......
[2021-03-31T00:26:15.230] [INFO] cheese - 服务器已启动......
[2021-03-31T00:26:44.676] [INFO] cheese - 服务器已启动......
[2021-03-31T00:28:05.841] [INFO] cheese - 服务器已启动......
[2021-03-31T00:28:54.143] [INFO] cheese - 服务器已启动......
[2021-03-31T00:29:44.868] [INFO] cheese - 服务器已启动......
[2021-03-31T00:30:37.886] [INFO] cheese - 服务器已启动......
[2021-03-31T00:30:57.015] [INFO] cheese - 服务器已启动......
[2021-03-31T00:31:18.427] [INFO] cheese - 服务器已启动......
[2021-03-31T00:31:37.353] [INFO] cheese - 服务器已启动......
[2021-03-31T00:54:36.457] [INFO] cheese - 服务器已启动......
[2021-03-31T21:31:45.712] [INFO] cheese - 服务器已启动......
[2021-03-31T21:44:23.332] [INFO] cheese - 服务器已启动......
[2021-04-06T13:13:23.170] [INFO] cheese - 服务器已启动......
[2021-04-06T13:40:46.519] [INFO] cheese - 服务器已启动......
[2021-04-06T13:41:42.529] [INFO] cheese - 服务器已启动......
[2021-04-06T13:44:56.850] [INFO] cheese - 服务器已启动......
[2021-04-06T13:44:58.278] [INFO] cheese - 服务器已启动......
[2021-04-06T13:45:46.216] [INFO] cheese - 服务器已启动......
[2021-04-06T13:55:17.289] [INFO] cheese - 服务器已启动......
[2021-04-06T13:55:23.696] [INFO] cheese - 服务器已启动......
[2021-04-06T13:58:16.823] [INFO] cheese - 服务器已启动......
[2021-04-06T13:58:30.608] [INFO] cheese - 服务器已启动......
[2021-04-06T13:58:48.541] [INFO] cheese - 服务器已启动......
[2021-04-06T13:59:04.753] [INFO] cheese - 服务器已启动......
[2021-04-06T13:59:29.991] [INFO] cheese - 服务器已启动......
[2021-04-06T14:00:05.504] [INFO] cheese - 服务器已启动......
[2021-04-06T14:36:59.595] [INFO] cheese - 服务器已启动......
[2021-04-06T14:37:02.413] [INFO] cheese - 服务器已启动......
[2021-04-06T15:41:41.530] [INFO] cheese - 服务器已启动......
[2021-04-06T18:38:26.526] [INFO] cheese - 服务器已启动......
[2021-04-06T18:39:15.924] [ERROR] cheese - 183098登录失败：error
[2021-04-06T18:39:48.634] [ERROR] cheese - 183098登录失败：error
[2021-04-06T18:41:06.533] [ERROR] cheese - 183098登录失败：error
[2021-04-06T18:43:38.852] [INFO] cheese - 服务器已启动......
[2021-04-07T12:46:38.376] [INFO] cheese - 服务器已启动......
[2021-04-07T13:37:25.309] [INFO] cheese - 服务器已启动......
[2021-04-07T13:40:03.915] [INFO] cheese - 服务器已启动......
[2021-04-07T13:42:00.084] [INFO] cheese - 服务器已启动......
[2021-04-07T13:42:38.399] [INFO] cheese - 服务器已启动......
[2021-04-07T13:44:17.381] [INFO] cheese - 服务器已启动......
[2021-04-07T13:46:16.704] [INFO] cheese - 服务器已启动......
[2021-04-07T13:48:41.372] [INFO] cheese - 服务器已启动......
[2021-04-07T15:45:12.987] [INFO] cheese - 服务器已启动......
[2021-04-08T14:17:32.215] [INFO] cheese - 服务器已启动......
[2021-04-11T01:09:45.127] [INFO] cheese - 服务器已启动......
[2021-04-11T01:11:42.538] [INFO] cheese - 服务器已启动......
[2021-04-11T01:13:27.356] [INFO] cheese - 服务器已启动......
[2021-04-11T01:14:11.953] [INFO] cheese - 服务器已启动......
[2021-04-11T01:14:33.017] [INFO] cheese - 服务器已启动......
[2021-04-11T01:14:36.581] [INFO] cheese - 服务器已启动......
[2021-04-11T01:16:07.524] [INFO] cheese - 服务器已启动......
[2021-04-11T01:17:04.732] [INFO] cheese - 服务器已启动......
[2021-04-11T01:19:32.366] [INFO] cheese - 服务器已启动......
[2021-04-11T15:10:52.168] [INFO] cheese - 服务器已启动......
[2021-04-11T16:56:02.272] [INFO] cheese - 服务器已启动......
[2021-04-11T16:57:15.419] [INFO] cheese - 服务器已启动......
[2021-04-11T17:01:33.583] [INFO] cheese - 服务器已启动......
[2021-04-11T17:04:18.506] [INFO] cheese - 服务器已启动......
[2021-04-11T17:04:28.246] [INFO] cheese - 服务器已启动......
[2021-04-11T17:04:51.266] [INFO] cheese - 服务器已启动......
[2021-04-11T17:05:19.546] [INFO] cheese - 服务器已启动......
[2021-04-11T17:14:54.550] [INFO] cheese - 服务器已启动......
[2021-04-11T17:15:20.931] [INFO] cheese - 服务器已启动......
[2021-04-11T17:15:29.266] [INFO] cheese - 服务器已启动......
[2021-04-11T17:20:46.328] [INFO] cheese - 服务器已启动......
[2021-04-11T17:21:07.206] [INFO] cheese - 服务器已启动......
[2021-04-11T17:24:09.781] [INFO] cheese - 服务器已启动......
[2021-04-11T17:24:31.690] [INFO] cheese - 服务器已启动......
[2021-04-11T17:25:25.221] [INFO] cheese - 服务器已启动......
[2021-04-11T17:25:40.140] [INFO] cheese - 服务器已启动......
[2021-04-11T17:27:08.311] [INFO] cheese - 服务器已启动......
[2021-04-11T17:28:06.045] [INFO] cheese - 服务器已启动......
[2021-04-11T17:30:17.975] [INFO] cheese - 服务器已启动......
[2021-04-11T17:32:54.236] [INFO] cheese - 服务器已启动......
[2021-04-11T17:34:21.056] [INFO] cheese - 服务器已启动......
[2021-04-11T19:55:47.531] [INFO] cheese - 服务器已启动......
[2021-04-11T19:58:02.630] [INFO] cheese - 服务器已启动......
[2021-04-11T23:21:28.801] [INFO] cheese - 服务器已启动......
[2021-04-12T00:22:44.837] [INFO] cheese - 服务器已启动......
[2021-04-12T22:48:45.687] [INFO] cheese - 服务器已启动......
[2021-04-12T22:58:15.216] [INFO] cheese - 服务器已启动......
[2021-04-12T22:59:39.622] [INFO] cheese - 服务器已启动......
[2021-04-12T23:16:51.119] [INFO] cheese - 服务器已启动......
[2021-04-12T23:17:28.562] [INFO] cheese - 服务器已启动......
[2021-04-12T23:19:08.481] [INFO] cheese - 服务器已启动......
[2021-04-12T23:22:02.851] [INFO] cheese - 服务器已启动......
[2021-04-12T23:23:37.543] [INFO] cheese - 服务器已启动......
[2021-04-12T23:25:33.951] [INFO] cheese - 服务器已启动......
[2021-04-12T23:28:03.950] [INFO] cheese - 服务器已启动......
[2021-04-12T23:29:37.857] [INFO] cheese - 服务器已启动......
[2021-04-12T23:30:46.931] [INFO] cheese - 服务器已启动......
[2021-04-12T23:43:41.577] [INFO] cheese - 服务器已启动......
[2021-04-12T23:47:10.347] [INFO] cheese - 服务器已启动......
[2021-04-12T23:47:23.842] [INFO] cheese - 服务器已启动......
[2021-04-12T23:50:57.763] [INFO] cheese - 服务器已启动......
[2021-04-12T23:53:55.754] [INFO] cheese - 服务器已启动......
[2021-04-12T23:54:59.306] [INFO] cheese - 服务器已启动......
[2021-04-12T23:55:36.247] [INFO] cheese - 服务器已启动......
[2021-04-12T23:55:40.278] [INFO] cheese - 服务器已启动......
[2021-04-12T23:57:19.784] [INFO] cheese - 服务器已启动......
[2021-04-12T23:59:07.100] [INFO] cheese - 服务器已启动......
[2021-04-13T00:00:15.125] [INFO] cheese - 服务器已启动......
[2021-04-13T00:02:32.308] [INFO] cheese - 服务器已启动......
[2021-04-13T00:02:42.117] [INFO] cheese - 服务器已启动......
[2021-04-13T00:05:05.729] [INFO] cheese - 服务器已启动......
[2021-04-13T00:09:59.734] [INFO] cheese - 服务器已启动......
[2021-04-13T00:10:35.213] [INFO] cheese - 服务器已启动......
[2021-04-13T00:18:28.660] [INFO] cheese - 服务器已启动......
[2021-04-13T00:19:34.383] [INFO] cheese - 服务器已启动......
[2021-04-13T00:21:28.182] [INFO] cheese - 服务器已启动......
[2021-04-13T00:21:29.108] [INFO] cheese - 服务器已启动......
[2021-04-13T23:30:57.317] [INFO] cheese - 服务器已启动......
[2021-04-13T23:32:46.032] [INFO] cheese - 服务器已启动......
[2021-04-13T23:33:17.861] [INFO] cheese - 服务器已启动......
[2021-04-13T23:33:29.446] [INFO] cheese - 服务器已启动......
[2021-04-13T23:50:14.847] [INFO] cheese - 服务器已启动......
[2021-04-14T21:11:06.989] [INFO] cheese - 服务器已启动......
[2021-04-15T20:55:51.982] [INFO] cheese - 服务器已启动......
[2021-04-19T22:41:16.879] [INFO] cheese - 服务器已启动......
[2021-05-03T10:21:21.660] [INFO] cheese - 服务器已启动......
[2021-05-03T10:47:34.859] [INFO] cheese - 服务器已启动......
[2021-05-03T11:00:55.891] [INFO] cheese - 服务器已启动......
[2021-05-03T11:01:07.246] [INFO] cheese - 服务器已启动......
[2021-05-03T11:02:12.090] [INFO] cheese - 服务器已启动......
[2021-05-03T11:02:59.893] [ERROR] cheese - 183098登录失败：undefined
[2021-05-03T11:04:27.532] [ERROR] cheese - sculzj@163.com登录失败：undefined
[2021-05-03T11:05:37.739] [INFO] cheese - 服务器已启动......
[2021-05-03T11:05:39.954] [ERROR] cheese - sculzj@163.com登录失败：undefined
[2021-05-03T11:13:07.644] [ERROR] cheese - sculzj@163.com登录失败：undefined
[2021-05-03T11:13:18.769] [INFO] cheese - 服务器已启动......
[2021-05-03T11:13:19.983] [ERROR] cheese - sculzj@163.com登录失败：undefined
[2021-05-03T11:13:32.232] [INFO] cheese - 服务器已启动......
[2021-05-03T11:13:37.795] [ERROR] cheese - sculzj@163.com登录失败：用户未注册！
[2021-05-03T11:14:18.742] [INFO] cheese - 服务器已启动......
[2021-05-03T11:16:40.896] [ERROR] cheese - 183098登录失败：用户登录信息校验失败！
[2021-05-03T11:30:26.213] [INFO] cheese - 服务器已启动......
[2021-05-03T11:31:42.447] [INFO] cheese - 服务器已启动......
[2021-05-03T11:33:57.740] [INFO] cheese - 服务器已启动......
[2021-05-03T11:34:26.462] [INFO] cheese - 服务器已启动......
[2021-05-05T14:19:41.445] [INFO] cheese - 服务器已启动......
[2021-05-05T14:20:21.417] [ERROR] cheese - sculzj@163.com登录失败：用户登录信息校验失败！
[2021-05-05T14:20:56.126] [INFO] cheese - 服务器已启动......
[2021-05-05T14:20:57.774] [ERROR] cheese - sculzj@163.com登录失败：用户登录信息校验失败！
[2021-05-05T14:21:16.253] [ERROR] cheese - 183098    登录失败：用户登录信息校验失败！
[2021-05-05T14:22:26.207] [INFO] cheese - 服务器已启动......
[2021-05-05T14:22:31.701] [ERROR] cheese - 183098    登录失败：用户登录信息校验失败！
[2021-05-05T14:23:02.334] [INFO] cheese - 服务器已启动......
[2021-05-05T14:23:04.733] [ERROR] cheese - 183098    登录失败：用户登录信息校验失败！
[2021-05-05T14:23:28.333] [INFO] cheese - 服务器已启动......
[2021-05-05T14:23:29.353] [ERROR] cheese - 183098    登录失败：用户登录信息校验失败！
[2021-05-05T14:23:46.345] [ERROR] cheese - 183098登录失败：用户登录信息校验失败！
[2021-05-05T14:24:50.595] [ERROR] cheese - 183098登录失败：用户登录信息校验失败！
[2021-05-05T14:25:45.083] [INFO] cheese - 服务器已启动......
[2021-05-05T14:26:13.853] [INFO] cheese - 服务器已启动......
[2021-05-05T14:26:16.779] [ERROR] cheese - sculzj@163.com登录失败：用户登录信息校验失败！
[2021-05-05T15:02:38.895] [ERROR] cheese - sculzj@163.com登录失败：用户登录信息校验失败！
[2021-05-05T16:37:21.911] [INFO] cheese - 服务器已启动......
[2021-05-05T16:37:32.238] [INFO] cheese - 服务器已启动......
[2021-05-05T16:38:48.341] [INFO] cheese - 服务器已启动......
[2021-05-05T16:39:51.966] [INFO] cheese - 服务器已启动......
[2021-05-05T16:49:17.246] [INFO] cheese - 服务器已启动......
[2021-05-05T16:50:30.177] [INFO] cheese - 服务器已启动......
[2021-05-05T16:57:04.270] [INFO] cheese - 服务器已启动......
[2021-05-05T17:05:34.667] [INFO] cheese - 服务器已启动......
[2021-05-05T17:06:17.232] [INFO] cheese - 服务器已启动......
[2021-05-05T17:16:46.974] [INFO] cheese - 服务器已启动......
[2021-05-05T17:16:47.939] [INFO] cheese - 服务器已启动......
[2021-05-05T17:19:10.853] [INFO] cheese - 服务器已启动......
[2021-05-05T17:19:34.044] [INFO] cheese - 服务器已启动......
[2021-05-05T20:37:21.559] [INFO] cheese - 服务器已启动......
[2021-05-05T23:22:28.314] [INFO] cheese - 服务器已启动......
[2021-05-05T23:34:27.282] [INFO] cheese - 服务器已启动......
[2021-05-05T23:44:14.571] [INFO] cheese - 服务器已启动......
[2021-05-05T23:49:07.861] [INFO] cheese - 服务器已启动......
[2021-05-05T23:51:08.895] [INFO] cheese - 服务器已启动......
[2021-05-05T23:51:58.436] [INFO] cheese - 服务器已启动......
[2021-05-05T23:54:44.574] [INFO] cheese - 服务器已启动......
[2021-05-05T23:54:50.137] [INFO] cheese - 服务器已启动......
[2021-05-05T23:55:26.160] [INFO] cheese - 服务器已启动......
[2021-05-05T23:55:35.928] [INFO] cheese - 服务器已启动......
[2021-05-05T23:56:43.042] [INFO] cheese - 服务器已启动......
[2021-05-05T23:58:19.260] [INFO] cheese - 服务器已启动......
[2021-05-06T23:13:43.819] [INFO] cheese - 服务器已启动......
[2021-05-07T21:10:18.255] [INFO] cheese - 服务器已启动......
[2021-05-08T00:19:05.826] [ERROR] cheese - 1301495471@qqcom登录失败：用户登录信息校验失败！
[2021-05-09T15:07:56.417] [INFO] cheese - 服务器已启动......
[2021-05-09T15:10:18.441] [ERROR] cheese - 1301495171@qq.com登录失败：用户登录信息校验失败！
[2021-05-09T16:14:02.127] [INFO] cheese - 服务器已启动......
[2021-05-10T23:02:59.928] [INFO] cheese - 服务器已启动......
[2021-05-12T22:46:50.656] [INFO] cheese - 服务器已启动......
[2021-05-14T00:16:48.347] [INFO] cheese - 服务器已启动......
[2021-05-15T14:20:18.992] [INFO] cheese - 服务器已启动......
[2021-05-15T21:56:36.958] [INFO] cheese - 服务器已启动......
[2021-05-15T21:59:15.559] [INFO] cheese - 服务器已启动......
[2021-05-15T21:59:24.414] [INFO] cheese - 服务器已启动......
[2021-05-15T22:04:00.206] [INFO] cheese - 服务器已启动......
[2021-05-15T22:16:54.669] [INFO] cheese - 服务器已启动......
[2021-05-15T22:18:01.957] [INFO] cheese - 服务器已启动......
[2021-05-16T01:02:56.291] [INFO] cheese - 服务器已启动......
[2021-05-16T01:14:06.019] [INFO] cheese - 服务器已启动......
[2021-05-16T01:21:39.946] [INFO] cheese - 服务器已启动......
[2021-05-16T01:26:25.441] [INFO] cheese - 服务器已启动......
[2021-05-16T01:27:00.847] [INFO] cheese - 服务器已启动......
[2021-05-16T01:28:01.377] [INFO] cheese - 服务器已启动......
[2021-05-16T01:39:34.284] [INFO] cheese - 服务器已启动......
[2021-05-16T02:05:59.678] [INFO] cheese - 服务器已启动......
[2021-05-16T02:11:52.683] [INFO] cheese - 服务器已启动......
[2021-05-16T02:11:57.819] [INFO] cheese - 服务器已启动......
[2021-05-16T02:18:36.698] [INFO] cheese - 服务器已启动......
[2021-05-16T02:24:01.396] [INFO] cheese - 服务器已启动......
[2021-05-16T02:28:00.658] [INFO] cheese - 服务器已启动......
[2021-05-16T02:28:07.004] [INFO] cheese - 服务器已启动......
[2021-05-16T02:35:14.207] [INFO] cheese - 服务器已启动......
[2021-05-16T02:35:16.803] [INFO] cheese - 服务器已启动......
[2021-05-16T14:13:25.084] [INFO] cheese - 服务器已启动......
[2021-05-16T15:23:13.548] [INFO] cheese - 服务器已启动......
[2021-05-16T15:24:09.242] [INFO] cheese - 服务器已启动......
[2021-05-16T15:28:44.759] [INFO] cheese - 服务器已启动......
[2021-05-16T15:32:05.475] [INFO] cheese - 服务器已启动......
[2021-05-16T15:40:50.146] [INFO] cheese - 服务器已启动......
[2021-05-16T15:41:57.945] [INFO] cheese - 服务器已启动......
[2021-05-16T15:42:08.689] [INFO] cheese - 服务器已启动......
[2021-05-16T15:45:31.713] [INFO] cheese - 服务器已启动......
[2021-05-16T15:46:53.357] [INFO] cheese - 服务器已启动......
[2021-05-16T15:49:53.619] [INFO] cheese - 服务器已启动......
[2021-05-16T15:52:10.745] [INFO] cheese - 服务器已启动......
[2021-05-16T15:54:19.029] [INFO] cheese - 服务器已启动......
[2021-05-16T15:58:23.157] [INFO] cheese - 服务器已启动......
[2021-05-16T16:00:00.187] [INFO] cheese - 服务器已启动......
[2021-05-16T16:01:21.229] [INFO] cheese - 服务器已启动......
[2021-05-16T16:01:45.658] [INFO] cheese - 服务器已启动......
[2021-05-16T18:53:20.324] [INFO] cheese - 服务器已启动......
[2021-05-16T19:12:10.363] [INFO] cheese - 服务器已启动......
[2021-05-16T23:02:24.810] [INFO] cheese - 服务器已启动......
[2021-05-16T23:05:09.643] [INFO] cheese - 服务器已启动......
[2021-05-16T23:07:30.016] [INFO] cheese - 服务器已启动......
[2021-05-16T23:09:05.683] [INFO] cheese - 服务器已启动......
[2021-05-16T23:10:16.949] [INFO] cheese - 服务器已启动......
[2021-05-16T23:10:41.626] [INFO] cheese - 服务器已启动......
[2021-05-16T23:13:38.684] [INFO] cheese - 服务器已启动......
[2021-05-16T23:15:04.927] [INFO] cheese - 服务器已启动......
[2021-05-16T23:15:27.651] [INFO] cheese - 服务器已启动......
[2021-05-16T23:18:21.476] [INFO] cheese - 服务器已启动......
[2021-05-16T23:19:08.047] [INFO] cheese - 服务器已启动......
[2021-05-16T23:19:16.493] [INFO] cheese - 服务器已启动......
[2021-05-16T23:20:37.346] [INFO] cheese - 服务器已启动......
[2021-05-16T23:21:40.489] [INFO] cheese - 服务器已启动......
[2021-05-16T23:23:01.842] [INFO] cheese - 服务器已启动......
[2021-05-16T23:25:50.289] [INFO] cheese - 服务器已启动......
[2021-05-16T23:26:54.880] [INFO] cheese - 服务器已启动......
[2021-05-16T23:27:30.014] [INFO] cheese - 服务器已启动......
[2021-05-16T23:30:33.503] [INFO] cheese - 服务器已启动......
[2021-05-16T23:43:53.038] [INFO] cheese - 服务器已启动......
[2021-05-19T23:50:26.585] [INFO] cheese - 服务器已启动......
[2021-05-19T23:51:48.579] [INFO] cheese - 服务器已启动......
[2021-05-19T23:55:12.199] [INFO] cheese - 服务器已启动......
[2021-05-19T23:55:36.703] [INFO] cheese - 服务器已启动......
[2021-05-19T23:55:41.566] [INFO] cheese - 服务器已启动......
[2021-05-20T00:01:35.300] [INFO] cheese - 服务器已启动......
[2021-05-20T00:09:51.646] [INFO] cheese - 服务器已启动......
[2021-05-20T00:10:09.122] [ERROR] cheese - 183098登录失败：用户登录信息校验失败！
[2021-05-20T00:18:20.953] [INFO] cheese - 服务器已启动......
[2021-05-20T00:18:22.197] [INFO] cheese - 服务器已启动......
[2021-05-20T00:20:38.795] [INFO] cheese - 服务器已启动......
[2021-05-20T00:20:42.475] [INFO] cheese - 服务器已启动......
[2021-05-20T00:25:52.532] [INFO] cheese - 服务器已启动......
[2021-05-20T00:25:54.712] [INFO] cheese - 服务器已启动......
[2021-05-20T00:27:09.253] [INFO] cheese - 服务器已启动......
[2021-05-20T00:27:30.536] [INFO] cheese - 服务器已启动......
[2021-05-20T00:32:21.566] [INFO] cheese - 服务器已启动......
[2021-05-20T00:38:06.306] [INFO] cheese - 服务器已启动......
[2021-05-20T00:52:31.809] [INFO] cheese - 服务器已启动......
[2021-05-20T01:00:43.550] [INFO] cheese - 服务器已启动......
[2021-05-22T00:13:05.356] [INFO] cheese - 服务器已启动......
[2021-05-22T00:14:10.982] [INFO] cheese - 服务器已启动......
[2021-05-22T00:15:32.143] [INFO] cheese - 服务器已启动......
[2021-05-22T00:17:54.665] [INFO] cheese - 服务器已启动......
[2021-05-22T00:39:13.308] [INFO] cheese - 服务器已启动......
[2021-05-22T00:50:52.731] [INFO] cheese - 服务器已启动......
[2021-05-22T00:56:18.879] [INFO] cheese - 服务器已启动......
[2021-05-22T00:59:20.965] [INFO] cheese - 服务器已启动......
[2021-05-22T01:01:26.409] [INFO] cheese - 服务器已启动......
[2021-05-22T01:02:41.763] [INFO] cheese - 服务器已启动......
[2021-05-22T01:05:22.752] [INFO] cheese - 服务器已启动......
[2021-05-22T01:06:24.767] [INFO] cheese - 服务器已启动......
[2021-05-22T01:06:26.973] [INFO] cheese - 服务器已启动......
[2021-05-22T01:09:30.125] [INFO] cheese - 服务器已启动......
[2021-05-22T01:14:06.171] [INFO] cheese - 服务器已启动......
[2021-05-22T01:15:37.024] [INFO] cheese - 服务器已启动......
[2021-05-22T01:17:09.592] [INFO] cheese - 服务器已启动......
[2021-05-22T01:20:10.852] [INFO] cheese - 服务器已启动......
[2021-05-22T01:24:54.978] [INFO] cheese - 服务器已启动......
[2021-05-22T01:26:55.230] [INFO] cheese - 服务器已启动......
[2021-05-22T01:33:58.931] [INFO] cheese - 服务器已启动......
[2021-05-22T01:35:37.173] [INFO] cheese - 服务器已启动......
[2021-05-23T16:00:57.754] [INFO] cheese - 服务器已启动......
[2021-05-23T16:09:25.978] [INFO] cheese - 服务器已启动......
[2021-05-23T16:18:32.836] [INFO] cheese - 服务器已启动......
[2021-05-23T16:33:06.340] [INFO] cheese - 服务器已启动......
[2021-05-23T16:33:11.900] [INFO] cheese - 服务器已启动......
[2021-05-23T16:36:46.416] [INFO] cheese - 服务器已启动......
[2021-05-23T16:37:45.531] [INFO] cheese - 服务器已启动......
[2021-05-23T16:38:32.825] [INFO] cheese - 服务器已启动......
[2021-05-23T16:42:26.232] [INFO] cheese - 服务器已启动......
[2021-05-23T16:48:54.455] [INFO] cheese - 服务器已启动......
[2021-05-23T16:56:23.581] [INFO] cheese - 服务器已启动......
[2021-05-23T16:58:09.439] [INFO] cheese - 服务器已启动......
[2021-05-23T17:06:28.938] [INFO] cheese - 服务器已启动......
[2021-05-23T17:12:57.947] [INFO] cheese - 服务器已启动......
[2021-05-23T17:49:36.869] [INFO] cheese - 服务器已启动......
[2021-05-23T17:50:00.559] [INFO] cheese - 服务器已启动......
[2021-05-23T17:51:50.171] [INFO] cheese - 服务器已启动......
[2021-05-23T17:55:46.483] [INFO] cheese - 服务器已启动......
[2021-05-23T17:59:22.813] [INFO] cheese - 服务器已启动......
[2021-05-23T18:00:56.316] [INFO] cheese - 服务器已启动......
[2021-05-23T18:04:35.959] [INFO] cheese - 服务器已启动......
[2021-05-23T18:10:10.219] [INFO] cheese - 服务器已启动......
[2021-05-23T18:10:50.304] [INFO] cheese - 服务器已启动......
[2021-05-23T18:14:11.731] [INFO] cheese - 服务器已启动......
[2021-05-23T18:19:02.529] [INFO] cheese - 服务器已启动......
[2021-05-23T18:20:54.567] [INFO] cheese - 服务器已启动......
[2021-05-23T18:30:56.944] [INFO] cheese - 服务器已启动......
[2021-05-23T23:12:37.615] [INFO] cheese - 服务器已启动......
[2021-05-23T23:14:14.185] [INFO] cheese - 服务器已启动......
[2021-05-23T23:25:08.757] [INFO] cheese - 服务器已启动......
[2021-05-23T23:39:41.884] [INFO] cheese - 服务器已启动......
[2021-05-24T00:02:52.785] [INFO] cheese - 服务器已启动......
[2021-05-24T00:10:15.288] [INFO] cheese - 服务器已启动......
[2021-05-24T00:14:01.885] [INFO] cheese - 服务器已启动......
[2021-05-24T00:14:44.069] [INFO] cheese - 服务器已启动......
[2021-05-24T00:16:58.012] [INFO] cheese - 服务器已启动......
[2021-05-24T00:17:40.940] [INFO] cheese - 服务器已启动......
[2021-05-24T00:18:10.442] [INFO] cheese - 服务器已启动......
[2021-05-24T00:23:18.367] [INFO] cheese - 服务器已启动......
[2021-05-24T00:31:24.784] [INFO] cheese - 服务器已启动......
[2021-05-24T00:34:58.357] [INFO] cheese - 服务器已启动......
[2021-05-24T00:39:12.226] [INFO] cheese - 服务器已启动......
[2021-05-24T00:45:50.462] [INFO] cheese - 服务器已启动......
[2021-05-24T01:06:13.607] [INFO] cheese - 服务器已启动......
[2021-05-24T01:27:52.534] [INFO] cheese - 服务器已启动......
[2021-05-24T01:32:27.907] [INFO] cheese - 服务器已启动......
[2021-05-26T01:31:09.696] [INFO] cheese - 服务器已启动......
[2021-05-26T01:49:31.854] [INFO] cheese - 服务器已启动......
[2021-05-26T01:54:51.525] [INFO] cheese - 服务器已启动......
[2021-05-26T02:02:25.593] [INFO] cheese - 服务器已启动......
[2021-05-26T02:10:50.141] [INFO] cheese - 服务器已启动......
[2021-05-26T02:21:24.332] [INFO] cheese - 服务器已启动......
[2021-05-27T00:04:55.899] [INFO] cheese - 服务器已启动......
[2021-05-27T00:07:07.638] [INFO] cheese - 服务器已启动......
[2021-05-27T00:17:24.400] [INFO] cheese - 服务器已启动......
[2021-05-27T00:17:27.045] [INFO] cheese - 服务器已启动......
[2021-05-27T00:23:22.284] [INFO] cheese - 服务器已启动......
[2021-05-27T00:37:13.616] [INFO] cheese - 服务器已启动......
[2021-05-27T23:09:30.330] [INFO] cheese - 服务器已启动......
[2021-05-27T23:14:41.934] [ERROR] cheese - 1301495471@qq.com登录失败：用户登录信息校验失败！
[2021-05-27T23:16:28.464] [INFO] cheese - 服务器已启动......
[2021-05-27T23:19:22.074] [INFO] cheese - 服务器已启动......
[2021-05-27T23:19:45.162] [INFO] cheese - 服务器已启动......
[2021-05-27T23:20:38.375] [INFO] cheese - 服务器已启动......
[2021-05-27T23:26:27.287] [INFO] cheese - 服务器已启动......
[2021-05-27T23:28:25.509] [INFO] cheese - 服务器已启动......
[2021-05-27T23:28:33.535] [ERROR] cheese - 1301495471@qq.com登录失败：用户登录信息校验失败！
[2021-05-27T23:32:59.083] [INFO] cheese - 服务器已启动......
[2021-05-27T23:34:21.403] [INFO] cheese - 服务器已启动......
[2021-05-27T23:36:14.846] [INFO] cheese - 服务器已启动......
[2021-05-27T23:39:18.894] [INFO] cheese - 服务器已启动......
[2021-05-27T23:40:04.056] [INFO] cheese - 服务器已启动......
[2021-05-27T23:42:16.876] [INFO] cheese - 服务器已启动......
[2021-05-27T23:44:33.966] [INFO] cheese - 服务器已启动......
[2021-05-27T23:44:52.570] [INFO] cheese - 服务器已启动......
[2021-05-27T23:57:23.445] [INFO] cheese - 服务器已启动......
[2021-05-28T00:37:40.781] [INFO] cheese - 服务器已启动......
[2021-05-29T00:04:33.823] [INFO] cheese - 服务器已启动......
[2021-05-29T00:17:44.364] [INFO] cheese - 服务器已启动......
[2021-05-29T00:40:49.804] [INFO] cheese - 服务器已启动......
[2021-05-29T00:44:03.277] [INFO] cheese - 服务器已启动......
[2021-05-29T23:08:19.444] [INFO] cheese - 服务器已启动......
[2021-05-29T23:23:32.361] [INFO] cheese - 服务器已启动......
[2021-05-30T00:08:42.361] [INFO] cheese - 服务器已启动......
[2021-05-30T00:08:53.467] [INFO] cheese - 服务器已启动......
[2021-05-30T00:10:29.098] [INFO] cheese - 服务器已启动......
[2021-05-30T11:15:27.240] [INFO] cheese - 服务器已启动......
[2021-05-30T11:34:34.809] [INFO] cheese - 服务器已启动......
[2021-05-30T11:37:27.654] [INFO] cheese - 服务器已启动......
[2021-05-30T11:58:07.508] [INFO] cheese - 服务器已启动......
[2021-05-30T12:04:03.238] [INFO] cheese - 服务器已启动......
[2021-05-30T12:24:25.965] [INFO] cheese - 服务器已启动......
[2021-05-30T12:28:35.644] [INFO] cheese - 服务器已启动......
[2021-05-30T12:29:12.290] [INFO] cheese - 服务器已启动......
[2021-05-30T12:33:03.902] [INFO] cheese - 服务器已启动......
[2021-05-30T12:40:49.184] [INFO] cheese - 服务器已启动......
[2021-05-30T23:45:11.905] [INFO] cheese - 服务器已启动......
[2021-05-30T23:46:50.359] [INFO] cheese - 服务器已启动......
[2021-05-30T23:49:11.789] [INFO] cheese - 服务器已启动......
[2021-05-31T23:29:21.076] [INFO] cheese - 服务器已启动......
[2021-06-01T22:59:32.646] [INFO] cheese - 服务器已启动......
[2021-06-02T00:18:56.371] [INFO] cheese - 服务器已启动......
[2021-06-02T00:18:58.000] [INFO] cheese - 服务器已启动......
[2021-06-06T23:43:56.764] [INFO] cheese - 服务器已启动......
[2021-06-06T23:44:36.745] [INFO] cheese - 服务器已启动......
[2021-06-06T23:54:59.408] [INFO] cheese - 服务器已启动......
[2021-06-07T01:09:05.035] [INFO] cheese - 服务器已启动......
[2021-06-07T01:12:40.666] [INFO] cheese - 服务器已启动......
[2021-06-07T01:14:08.990] [INFO] cheese - 服务器已启动......
[2021-06-07T01:15:36.068] [INFO] cheese - 服务器已启动......
[2021-06-07T01:16:52.083] [INFO] cheese - 服务器已启动......
[2021-06-07T01:16:57.462] [INFO] cheese - 服务器已启动......
[2021-06-07T01:17:50.104] [INFO] cheese - 服务器已启动......
[2021-06-07T01:18:29.893] [INFO] cheese - 服务器已启动......
[2021-06-07T01:19:11.356] [INFO] cheese - 服务器已启动......
[2021-06-07T21:19:26.104] [INFO] cheese - 服务器已启动......
[2021-06-07T21:22:47.604] [INFO] cheese - 服务器已启动......
[2021-06-07T21:25:22.330] [INFO] cheese - 服务器已启动......
[2021-06-07T21:26:31.800] [INFO] cheese - 服务器已启动......
[2021-06-07T21:27:30.635] [INFO] cheese - 服务器已启动......
[2021-06-07T21:28:41.127] [INFO] cheese - 服务器已启动......
[2021-06-07T21:30:35.445] [INFO] cheese - 服务器已启动......
[2021-06-07T21:31:46.162] [INFO] cheese - 服务器已启动......
[2021-06-07T21:32:25.465] [INFO] cheese - 服务器已启动......
[2021-06-10T00:26:28.065] [INFO] cheese - 服务器已启动......
[2021-06-10T00:28:23.545] [INFO] cheese - 服务器已启动......
[2021-06-10T00:28:56.907] [INFO] cheese - 服务器已启动......
[2021-06-10T00:29:05.762] [INFO] cheese - 服务器已启动......
[2021-06-10T00:31:05.719] [INFO] cheese - 服务器已启动......
[2021-06-10T00:32:47.164] [INFO] cheese - 服务器已启动......
[2021-06-10T00:34:11.350] [INFO] cheese - 服务器已启动......
[2021-06-10T00:34:38.966] [INFO] cheese - 服务器已启动......
[2021-06-10T00:36:39.284] [INFO] cheese - 服务器已启动......
[2021-06-10T00:37:09.988] [INFO] cheese - 服务器已启动......
[2021-06-10T01:20:17.113] [INFO] cheese - 服务器已启动......
[2021-06-10T01:22:10.711] [INFO] cheese - 服务器已启动......
[2021-06-10T01:22:49.155] [INFO] cheese - 服务器已启动......
[2021-06-10T01:22:58.673] [INFO] cheese - 服务器已启动......
[2021-06-10T01:23:29.596] [INFO] cheese - 服务器已启动......
[2021-06-10T01:23:35.001] [INFO] cheese - 服务器已启动......
[2021-06-10T01:24:51.985] [INFO] cheese - 服务器已启动......
[2021-06-10T01:24:58.260] [INFO] cheese - 服务器已启动......
[2021-06-10T01:29:11.533] [INFO] cheese - 服务器已启动......
[2021-06-10T01:29:55.683] [INFO] cheese - 服务器已启动......
[2021-06-12T01:14:14.709] [INFO] cheese - 服务器已启动......
[2021-06-12T12:29:13.234] [INFO] cheese - 服务器已启动......
[2021-06-12T12:31:19.061] [INFO] cheese - 服务器已启动......
[2021-06-12T12:32:03.726] [INFO] cheese - 服务器已启动......
[2021-06-12T12:33:33.973] [INFO] cheese - 服务器已启动......
[2021-06-12T12:34:16.786] [INFO] cheese - 服务器已启动......
[2021-06-12T12:35:27.729] [INFO] cheese - 服务器已启动......
[2021-06-12T12:36:43.828] [INFO] cheese - 服务器已启动......
[2021-06-12T12:39:52.293] [INFO] cheese - 服务器已启动......
[2021-06-12T12:40:40.965] [INFO] cheese - 服务器已启动......
[2021-06-12T12:49:54.589] [INFO] cheese - 服务器已启动......
[2021-06-12T12:51:40.267] [INFO] cheese - 服务器已启动......
[2021-06-12T12:54:18.792] [INFO] cheese - 服务器已启动......
[2021-06-12T12:55:36.773] [INFO] cheese - 服务器已启动......
[2021-06-12T13:01:38.011] [INFO] cheese - 服务器已启动......
[2021-06-12T13:01:40.996] [INFO] cheese - 服务器已启动......
[2021-06-12T13:03:24.897] [INFO] cheese - 服务器已启动......
[2021-06-12T13:03:54.488] [INFO] cheese - 服务器已启动......
[2021-06-12T13:04:58.478] [INFO] cheese - 服务器已启动......
[2021-06-12T13:15:11.179] [INFO] cheese - 服务器已启动......
[2021-06-12T13:16:00.387] [INFO] cheese - 服务器已启动......
[2021-06-12T13:16:59.254] [INFO] cheese - 服务器已启动......
[2021-06-12T13:18:01.035] [INFO] cheese - 服务器已启动......
[2021-06-12T13:20:54.511] [INFO] cheese - 服务器已启动......
[2021-06-13T12:32:32.621] [INFO] cheese - 服务器已启动......
[2021-06-13T22:24:46.470] [INFO] cheese - 服务器已启动......
[2021-06-13T22:26:12.610] [INFO] cheese - 服务器已启动......
[2021-06-13T22:26:23.233] [INFO] cheese - 服务器已启动......
[2021-06-13T22:27:15.320] [INFO] cheese - 服务器已启动......
[2021-06-13T22:27:19.640] [INFO] cheese - 服务器已启动......
[2021-06-13T22:29:29.105] [INFO] cheese - 服务器已启动......
[2021-06-13T22:29:35.234] [INFO] cheese - 服务器已启动......
[2021-06-13T22:33:14.600] [INFO] cheese - 服务器已启动......
[2021-06-13T22:33:56.006] [INFO] cheese - 服务器已启动......
[2021-06-13T22:37:01.161] [INFO] cheese - 服务器已启动......
[2021-06-13T22:39:51.163] [INFO] cheese - 服务器已启动......
[2021-06-13T22:41:13.799] [INFO] cheese - 服务器已启动......
[2021-06-13T22:42:31.214] [INFO] cheese - 服务器已启动......
[2021-06-13T22:48:08.353] [INFO] cheese - 服务器已启动......
[2021-06-13T22:49:35.552] [INFO] cheese - 服务器已启动......
[2021-06-13T22:50:47.481] [INFO] cheese - 服务器已启动......
[2021-06-13T22:52:17.472] [INFO] cheese - 服务器已启动......
[2021-06-13T22:52:43.908] [INFO] cheese - 服务器已启动......
[2021-06-13T22:52:57.976] [INFO] cheese - 服务器已启动......
[2021-06-13T22:55:09.790] [INFO] cheese - 服务器已启动......
[2021-06-13T22:58:36.624] [INFO] cheese - 服务器已启动......
[2021-06-13T23:12:57.554] [INFO] cheese - 服务器已启动......
[2021-06-13T23:37:25.876] [INFO] cheese - 服务器已启动......
[2021-06-13T23:40:59.063] [INFO] cheese - 服务器已启动......
[2021-06-13T23:43:25.694] [INFO] cheese - 服务器已启动......
[2021-06-13T23:46:01.749] [INFO] cheese - 服务器已启动......
[2021-06-13T23:48:26.000] [INFO] cheese - 服务器已启动......
[2021-06-13T23:50:47.457] [INFO] cheese - 服务器已启动......
[2021-06-16T21:42:01.284] [INFO] cheese - 服务器已启动......
[2021-06-16T21:46:08.413] [INFO] cheese - 服务器已启动......
[2021-06-16T21:47:24.100] [INFO] cheese - 服务器已启动......
[2021-06-16T21:56:42.056] [INFO] cheese - 服务器已启动......
[2021-06-16T21:56:57.152] [INFO] cheese - 服务器已启动......
[2021-06-16T22:00:31.421] [INFO] cheese - 服务器已启动......
[2021-06-16T22:04:24.603] [INFO] cheese - 服务器已启动......
[2021-06-16T22:07:22.396] [INFO] cheese - 服务器已启动......
[2021-06-16T22:07:40.044] [INFO] cheese - 服务器已启动......
[2021-06-16T22:10:00.368] [INFO] cheese - 服务器已启动......
[2021-06-16T22:11:58.607] [INFO] cheese - 服务器已启动......
[2021-06-16T22:12:17.397] [INFO] cheese - 服务器已启动......
[2021-06-16T22:12:48.656] [INFO] cheese - 服务器已启动......
[2021-06-16T22:14:16.567] [INFO] cheese - 服务器已启动......
[2021-06-16T22:16:06.285] [INFO] cheese - 服务器已启动......
[2021-06-16T22:21:39.685] [INFO] cheese - 服务器已启动......
[2021-06-16T22:24:33.724] [INFO] cheese - 服务器已启动......
[2021-06-16T22:25:29.683] [INFO] cheese - 服务器已启动......
[2021-06-16T22:26:41.713] [INFO] cheese - 服务器已启动......
[2021-06-16T22:27:25.066] [INFO] cheese - 服务器已启动......
[2021-06-16T22:28:01.408] [INFO] cheese - 服务器已启动......
[2021-06-16T22:28:53.609] [INFO] cheese - 服务器已启动......
[2021-06-16T22:32:05.408] [INFO] cheese - 服务器已启动......
[2021-06-16T22:34:49.605] [INFO] cheese - 服务器已启动......
[2021-06-16T22:37:41.837] [INFO] cheese - 服务器已启动......
[2021-06-16T22:38:41.258] [INFO] cheese - 服务器已启动......
[2021-06-16T22:39:00.204] [INFO] cheese - 服务器已启动......
[2021-06-16T22:55:41.901] [INFO] cheese - 服务器已启动......
[2021-06-16T23:11:42.884] [INFO] cheese - 服务器已启动......
[2021-06-16T23:16:25.906] [INFO] cheese - 服务器已启动......
[2021-06-16T23:16:44.304] [INFO] cheese - 服务器已启动......
[2021-06-16T23:25:53.914] [INFO] cheese - 服务器已启动......
[2021-06-16T23:28:31.348] [INFO] cheese - 服务器已启动......
[2021-06-16T23:28:42.907] [INFO] cheese - 服务器已启动......
[2021-06-16T23:28:59.472] [INFO] cheese - 服务器已启动......
[2021-06-16T23:33:16.417] [INFO] cheese - 服务器已启动......
[2021-06-16T23:33:47.875] [INFO] cheese - 服务器已启动......
[2021-06-16T23:42:19.507] [INFO] cheese - 服务器已启动......
[2021-06-16T23:44:21.204] [INFO] cheese - 服务器已启动......
[2021-06-16T23:44:53.196] [INFO] cheese - 服务器已启动......
[2021-06-16T23:55:43.371] [INFO] cheese - 服务器已启动......
[2021-06-16T23:56:25.860] [INFO] cheese - 服务器已启动......
[2021-06-16T23:58:30.283] [INFO] cheese - 服务器已启动......
[2021-06-16T23:59:11.956] [INFO] cheese - 服务器已启动......
[2021-06-17T00:00:50.406] [INFO] cheese - 服务器已启动......
[2021-06-17T00:04:17.558] [INFO] cheese - 服务器已启动......
[2021-06-26T12:47:37.173] [INFO] cheese - 服务器已启动......
[2021-06-26T13:13:58.220] [INFO] cheese - 服务器已启动......
[2021-06-26T13:25:08.360] [INFO] cheese - 服务器已启动......
[2021-06-26T13:26:21.123] [INFO] cheese - 服务器已启动......
[2021-06-26T13:27:04.097] [INFO] cheese - 服务器已启动......
[2021-06-26T13:32:02.908] [INFO] cheese - 服务器已启动......
[2021-06-26T13:32:29.604] [INFO] cheese - 服务器已启动......
[2021-06-26T13:39:15.317] [INFO] cheese - 服务器已启动......
[2021-06-26T13:50:47.133] [INFO] cheese - 服务器已启动......
[2021-06-26T14:11:04.452] [INFO] cheese - 服务器已启动......
[2021-06-26T15:53:42.656] [INFO] cheese - 服务器已启动......
[2021-06-26T15:55:42.633] [INFO] cheese - 服务器已启动......
[2021-06-26T15:56:02.074] [INFO] cheese - 服务器已启动......
[2021-06-26T15:56:08.656] [INFO] cheese - 服务器已启动......
[2021-06-26T15:59:14.802] [INFO] cheese - 服务器已启动......
[2021-06-26T15:59:55.752] [INFO] cheese - 服务器已启动......
[2021-06-26T16:00:57.529] [INFO] cheese - 服务器已启动......
[2021-06-27T01:01:22.493] [INFO] cheese - 服务器已启动......
[2021-06-27T01:01:49.586] [INFO] cheese - 服务器已启动......
[2021-06-27T01:02:40.427] [INFO] cheese - 服务器已启动......
[2021-06-27T01:06:55.416] [INFO] cheese - 服务器已启动......
[2021-06-27T01:13:21.868] [INFO] cheese - 服务器已启动......
[2021-06-27T01:16:37.596] [INFO] cheese - 服务器已启动......
[2021-06-27T01:17:17.679] [INFO] cheese - 服务器已启动......
[2021-06-27T01:20:49.165] [INFO] cheese - 服务器已启动......
[2021-06-27T01:22:08.041] [INFO] cheese - 服务器已启动......
[2021-06-27T01:23:01.656] [INFO] cheese - 服务器已启动......
[2021-06-27T01:24:31.048] [INFO] cheese - 服务器已启动......
[2021-06-27T01:26:10.477] [INFO] cheese - 服务器已启动......
[2021-06-27T01:27:18.604] [INFO] cheese - 服务器已启动......
[2021-06-27T01:27:19.473] [INFO] cheese - 服务器已启动......
[2021-06-27T01:30:27.539] [INFO] cheese - 服务器已启动......
[2021-06-27T01:35:49.821] [INFO] cheese - 服务器已启动......
[2021-06-27T12:28:01.824] [INFO] cheese - 服务器已启动......
[2021-06-27T12:39:41.166] [INFO] cheese - 服务器已启动......
[2021-07-11T02:50:32.435] [INFO] cheese - 服务器已启动......
[2021-07-11T02:50:37.209] [ERROR] cheese - 数据库连接失败！
[2021-07-11T02:52:10.551] [INFO] cheese - 服务器已启动......
[2021-07-11T02:52:10.613] [ERROR] cheese - 数据库连接失败！
[2021-07-11T02:52:20.449] [INFO] cheese - 服务器已启动......
[2021-07-11T02:52:20.541] [ERROR] cheese - 数据库连接失败！
[2021-07-11T02:52:56.140] [INFO] cheese - 服务器已启动......
[2021-07-11T02:52:56.174] [ERROR] cheese - 数据库连接失败！
[2021-07-11T03:08:32.757] [INFO] cheese - 服务器已启动......
[2021-07-11T03:08:32.846] [ERROR] cheese - 数据库连接失败！
[2021-07-11T03:09:47.485] [INFO] cheese - 服务器已启动......
[2021-07-11T03:09:47.620] [ERROR] cheese - 数据库连接失败！
[2021-07-11T03:10:23.717] [INFO] cheese - 服务器已启动......
[2021-07-11T03:10:23.770] [ERROR] cheese - 数据库连接失败！
[2021-07-11T03:14:50.903] [INFO] cheese - 服务器已启动......
[2021-07-11T03:14:51.017] [ERROR] cheese - 数据库连接失败！
[2021-07-11T03:15:43.534] [INFO] cheese - 服务器已启动......
[2021-07-11T03:15:43.649] [ERROR] cheese - 数据库连接失败！
[2021-07-11T03:16:18.916] [INFO] cheese - 服务器已启动......
[2021-07-11T03:16:18.981] [ERROR] cheese - 数据库连接失败！
[2021-07-11T03:16:39.233] [INFO] cheese - 服务器已启动......
[2021-07-11T03:16:39.241] [ERROR] cheese - 数据库连接失败！
[2021-07-11T03:44:38.000] [INFO] cheese - 服务器已启动......
[2021-07-11T03:44:38.036] [ERROR] cheese - 数据库连接失败！
[2021-07-11T03:45:02.075] [INFO] cheese - 服务器已启动......
[2021-07-11T03:45:02.205] [ERROR] cheese - 数据库连接失败！
[2021-07-11T03:46:28.314] [INFO] cheese - 服务器已启动......
[2021-07-11T03:46:28.323] [ERROR] cheese - 数据库连接失败！
[2021-07-11T03:49:28.851] [INFO] cheese - 服务器已启动......
[2021-07-11T14:13:03.818] [INFO] cheese - 服务器已启动......
[2021-07-11T15:19:38.265] [INFO] cheese - 服务器已启动......
[2021-07-11T15:20:04.961] [INFO] cheese - 服务器已启动......
[2021-07-11T15:34:20.050] [INFO] cheese - 服务器已启动......
[2021-07-11T15:34:30.042] [ERROR] cheese - 数据库连接失败！
[2021-07-11T15:43:46.981] [INFO] cheese - 服务器已启动......
[2021-07-11T15:44:21.457] [INFO] cheese - 服务器已启动......
[2021-07-11T15:48:55.406] [INFO] cheese - 服务器已启动......
[2021-07-11T15:50:58.917] [INFO] cheese - 服务器已启动......
[2021-07-11T15:51:23.202] [INFO] cheese - 服务器已启动......
[2021-07-11T15:52:37.837] [INFO] cheese - 服务器已启动......
[2021-07-11T16:28:26.252] [INFO] cheese - 服务器已启动......
[2021-07-11T16:29:18.413] [INFO] cheese - 服务器已启动......
[2021-07-11T16:36:29.468] [INFO] cheese - 服务器已启动......
[2021-07-11T16:49:06.886] [INFO] cheese - 服务器已启动......
[2021-07-11T16:49:25.682] [INFO] cheese - 服务器已启动......
[2021-07-11T16:54:59.483] [INFO] cheese - 服务器已启动......
[2021-07-11T16:55:24.821] [INFO] cheese - 服务器已启动......
[2021-07-11T17:01:00.622] [INFO] cheese - 服务器已启动......
[2021-07-11T17:01:59.104] [INFO] cheese - 服务器已启动......
[2021-07-11T17:02:49.941] [INFO] cheese - 服务器已启动......
[2021-07-11T17:03:04.657] [INFO] cheese - 服务器已启动......
[2021-07-11T17:03:33.606] [INFO] cheese - 服务器已启动......
[2021-07-11T17:05:24.119] [INFO] cheese - 服务器已启动......
[2021-07-11T17:07:16.679] [INFO] cheese - 服务器已启动......
[2021-07-11T17:10:59.804] [INFO] cheese - 服务器已启动......
[2021-07-11T17:11:23.166] [INFO] cheese - 服务器已启动......
[2021-07-11T17:13:44.003] [INFO] cheese - 服务器已启动......
[2021-07-11T17:17:48.273] [INFO] cheese - 服务器已启动......
[2021-07-11T17:22:03.054] [INFO] cheese - 服务器已启动......
[2021-07-11T17:33:58.192] [INFO] cheese - 服务器已启动......
[2021-07-11T17:38:13.590] [INFO] cheese - 服务器已启动......
[2021-07-11T17:38:19.161] [INFO] cheese - 服务器已启动......
[2021-07-11T17:38:45.634] [INFO] cheese - 服务器已启动......
[2021-07-11T17:40:39.884] [INFO] cheese - 服务器已启动......
[2021-07-11T17:42:21.769] [INFO] cheese - 服务器已启动......
[2021-07-11T17:42:56.926] [INFO] cheese - 服务器已启动......
[2021-07-11T17:51:36.805] [INFO] cheese - 服务器已启动......
[2021-07-11T17:52:51.471] [INFO] cheese - 服务器已启动......
[2021-07-11T19:11:35.453] [INFO] cheese - 服务器已启动......
[2021-07-11T19:11:56.531] [INFO] cheese - 服务器已启动......
[2021-07-11T19:12:04.003] [INFO] cheese - 服务器已启动......
[2021-07-11T19:12:09.014] [INFO] cheese - 服务器已启动......
[2021-07-11T19:12:21.939] [INFO] cheese - 服务器已启动......
[2021-07-11T19:18:06.282] [INFO] cheese - 服务器已启动......
[2021-07-11T19:38:18.777] [INFO] cheese - 服务器已启动......
[2021-07-11T19:41:41.544] [INFO] cheese - 服务器已启动......
[2021-07-11T19:43:22.610] [INFO] cheese - 服务器已启动......
[2021-07-11T19:44:29.399] [INFO] cheese - 服务器已启动......
[2021-07-11T19:53:36.674] [INFO] cheese - 服务器已启动......
[2021-07-11T19:55:34.399] [INFO] cheese - 服务器已启动......
[2021-07-11T20:05:19.043] [INFO] cheese - 服务器已启动......
[2021-07-11T20:06:26.088] [INFO] cheese - 服务器已启动......
[2021-07-11T20:17:26.622] [INFO] cheese - 服务器已启动......
[2021-07-11T20:21:10.309] [INFO] cheese - 服务器已启动......
[2021-07-11T20:21:45.696] [INFO] cheese - 服务器已启动......
[2021-07-11T20:32:29.735] [INFO] cheese - 服务器已启动......
[2021-07-11T20:32:44.484] [INFO] cheese - 服务器已启动......
[2021-07-11T20:34:53.255] [INFO] cheese - 服务器已启动......
[2021-07-11T20:38:16.701] [INFO] cheese - 服务器已启动......
[2021-07-11T20:38:26.226] [INFO] cheese - 服务器已启动......
[2021-07-11T20:40:42.393] [INFO] cheese - 服务器已启动......
[2021-07-11T20:40:55.263] [INFO] cheese - 服务器已启动......
[2021-07-11T20:46:09.649] [INFO] cheese - 服务器已启动......
[2021-07-11T20:46:25.675] [INFO] cheese - 服务器已启动......
[2021-07-11T20:50:25.020] [INFO] cheese - 服务器已启动......
[2021-07-11T20:51:18.154] [INFO] cheese - 服务器已启动......
[2021-07-11T20:51:37.152] [INFO] cheese - 服务器已启动......
[2021-07-11T20:53:58.019] [INFO] cheese - 服务器已启动......
[2021-07-11T21:00:13.327] [INFO] cheese - 服务器已启动......
[2021-07-11T21:00:19.970] [INFO] cheese - 服务器已启动......
[2021-07-11T21:00:24.573] [INFO] cheese - 服务器已启动......
[2021-07-11T21:00:29.724] [INFO] cheese - 服务器已启动......
[2021-07-11T21:00:34.263] [INFO] cheese - 服务器已启动......
[2021-07-11T21:00:54.795] [INFO] cheese - 服务器已启动......
[2021-07-11T21:01:17.772] [INFO] cheese - 服务器已启动......
[2021-07-11T21:01:33.919] [INFO] cheese - 服务器已启动......
[2021-07-11T21:03:07.600] [INFO] cheese - 服务器已启动......
[2021-07-12T00:08:36.528] [INFO] cheese - 服务器已启动......
[2021-07-12T00:10:37.151] [INFO] cheese - 服务器已启动......
[2021-07-12T21:09:05.390] [INFO] cheese - 服务器已启动......
[2021-07-12T22:07:36.387] [INFO] cheese - 服务器已启动......
[2021-07-12T22:10:45.506] [INFO] cheese - 服务器已启动......
[2021-07-12T22:10:49.383] [INFO] cheese - 服务器已启动......
[2021-07-12T22:11:34.247] [INFO] cheese - 服务器已启动......
[2021-07-12T22:12:41.702] [INFO] cheese - 服务器已启动......
[2021-07-12T22:24:54.504] [INFO] cheese - 服务器已启动......
[2021-07-12T22:44:46.009] [INFO] cheese - 服务器已启动......
